<?xml version="1.0" encoding="UTF-8"?>
<testng-results ignored="0" total="5" passed="5" failed="0" skipped="0">
  <reporter-output>
  </reporter-output>
  <suite started-at="2023-09-07T16:07:10 IST" name="Default suite" finished-at="2023-09-07T16:07:44 IST" duration-ms="33894">
    <groups>
    </groups>
    <test started-at="2023-09-07T16:07:10 IST" name="Default test" finished-at="2023-09-07T16:07:44 IST" duration-ms="33894">
      <class name="test.Assignment5.Program4TestNG">
        <test-method is-config="true" signature="setUp()[pri:0, instance:test.Assignment5.Program4TestNG@11392934]" started-at="2023-09-07T16:07:10 IST" name="setUp" finished-at="2023-09-07T16:07:18 IST" duration-ms="8554" status="PASS">
          <reporter-output>
          </reporter-output>
        </test-method> <!-- setUp -->
        <test-method signature="verifyBeyondRPALink()[pri:0, instance:test.Assignment5.Program4TestNG@11392934]" started-at="2023-09-07T16:07:18 IST" name="verifyBeyondRPALink" finished-at="2023-09-07T16:07:20 IST" duration-ms="1577" status="PASS">
          <reporter-output>
          </reporter-output>
        </test-method> <!-- verifyBeyondRPALink -->
        <test-method signature="verifyCompanyLink()[pri:0, instance:test.Assignment5.Program4TestNG@11392934]" started-at="2023-09-07T16:07:20 IST" name="verifyCompanyLink" finished-at="2023-09-07T16:07:27 IST" duration-ms="6659" status="PASS">
          <reporter-output>
          </reporter-output>
        </test-method> <!-- verifyCompanyLink -->
        <test-method signature="verifyProductsLink()[pri:0, instance:test.Assignment5.Program4TestNG@11392934]" started-at="2023-09-07T16:07:27 IST" name="verifyProductsLink" finished-at="2023-09-07T16:07:34 IST" duration-ms="7121" status="PASS">
          <reporter-output>
          </reporter-output>
        </test-method> <!-- verifyProductsLink -->
        <test-method signature="verifyResourcesLink()[pri:0, instance:test.Assignment5.Program4TestNG@11392934]" started-at="2023-09-07T16:07:34 IST" name="verifyResourcesLink" finished-at="2023-09-07T16:07:38 IST" duration-ms="4231" status="PASS">
          <reporter-output>
          </reporter-output>
        </test-method> <!-- verifyResourcesLink -->
        <test-method signature="verifySolutionsLink()[pri:0, instance:test.Assignment5.Program4TestNG@11392934]" started-at="2023-09-07T16:07:38 IST" name="verifySolutionsLink" finished-at="2023-09-07T16:07:43 IST" duration-ms="4632" status="PASS">
          <reporter-output>
          </reporter-output>
        </test-method> <!-- verifySolutionsLink -->
        <test-method is-config="true" signature="tearDown()[pri:0, instance:test.Assignment5.Program4TestNG@11392934]" started-at="2023-09-07T16:07:43 IST" name="tearDown" finished-at="2023-09-07T16:07:44 IST" duration-ms="956" status="PASS">
          <reporter-output>
          </reporter-output>
        </test-method> <!-- tearDown -->
      </class> <!-- test.Assignment5.Program4TestNG -->
    </test> <!-- Default test -->
  </suite> <!-- Default suite -->
</testng-results>
